# JRE version: Java(TM) SE Runtime Environment (8.0_111-b14) (build 1.8.0_111-b14)
# Java VM: Java HotSpot(TM) 64-Bit Server VM (25.111-b14 mixed mode windows-amd64 compressed oops)
Heap:
 PSYoungGen      total 222720K, used 144937K [0x00000000ebe00000, 0x00000000f9880000, 0x0000000100000000)
  eden space 221696K, 65% used [0x00000000ebe00000,0x00000000f4b42290,0x00000000f9680000)
  from space 1024K, 28% used [0x00000000f9680000,0x00000000f96c8310,0x00000000f9780000)
  to   space 1024K, 0% used [0x00000000f9780000,0x00000000f9780000,0x00000000f9880000)
 ParOldGen       total 110592K, used 63731K [0x00000000c3a00000, 0x00000000ca600000, 0x00000000ebe00000)
  object space 110592K, 57% used [0x00000000c3a00000,0x00000000c783cc38,0x00000000ca600000)
 Metaspace       used 18075K, capacity 18410K, committed 18560K, reserved 1064960K
  class space    used 2054K, capacity 2145K, committed 2176K, reserved 1048576K
GC Heap History (10 events):
Event: 13.531 GC heap before
{Heap before GC invocations=274 (full 3):
 PSYoungGen      total 222720K, used 222199K [0x00000000ebe00000, 0x00000000f9880000, 0x0000000100000000)
  eden space 221696K, 100% used [0x00000000ebe00000,0x00000000f9680000,0x00000000f9680000)
  from space 1024K, 49% used [0x00000000f9780000,0x00000000f97fdfa8,0x00000000f9880000)
  to   space 1024K, 0% used [0x00000000f9680000,0x00000000f9680000,0x00000000f9780000)
 ParOldGen       total 110592K, used 63715K [0x00000000c3a00000, 0x00000000ca600000, 0x00000000ebe00000)
  object space 110592K, 57% used [0x00000000c3a00000,0x00000000c7838c38,0x00000000ca600000)
 Metaspace       used 18075K, capacity 18410K, committed 18560K, reserved 1064960K
  class space    used 2054K, capacity 2145K, committed 2176K, reserved 1048576K
Event: 13.533 GC heap after
Heap after GC invocations=274 (full 3):
 PSYoungGen      total 222720K, used 505K [0x00000000ebe00000, 0x00000000f9880000, 0x0000000100000000)
  eden space 221696K, 0% used [0x00000000ebe00000,0x00000000ebe00000,0x00000000f9680000)
  from space 1024K, 49% used [0x00000000f9680000,0x00000000f96fe790,0x00000000f9780000)
  to   space 1024K, 0% used [0x00000000f9780000,0x00000000f9780000,0x00000000f9880000)
 ParOldGen       total 110592K, used 63715K [0x00000000c3a00000, 0x00000000ca600000, 0x00000000ebe00000)
  object space 110592K, 57% used [0x00000000c3a00000,0x00000000c7838c38,0x00000000ca600000)
 Metaspace       used 18075K, capacity 18410K, committed 18560K, reserved 1064960K
  class space    used 2054K, capacity 2145K, committed 2176K, reserved 1048576K
}
Event: 13.588 GC heap before
{Heap before GC invocations=275 (full 3):
 PSYoungGen      total 222720K, used 222185K [0x00000000ebe00000, 0x00000000f9880000, 0x0000000100000000)
  eden space 221696K, 99% used [0x00000000ebe00000,0x00000000f967bd20,0x00000000f9680000)
  from space 1024K, 49% used [0x00000000f9680000,0x00000000f96fe790,0x00000000f9780000)
  to   space 1024K, 0% used [0x00000000f9780000,0x00000000f9780000,0x00000000f9880000)
 ParOldGen       total 110592K, used 63715K [0x00000000c3a00000, 0x00000000ca600000, 0x00000000ebe00000)
  object space 110592K, 57% used [0x00000000c3a00000,0x00000000c7838c38,0x00000000ca600000)
 Metaspace       used 18075K, capacity 18410K, committed 18560K, reserved 1064960K
  class space    used 2054K, capacity 2145K, committed 2176K, reserved 1048576K
Event: 13.589 GC heap after
Heap after GC invocations=275 (full 3):
 PSYoungGen      total 222720K, used 507K [0x00000000ebe00000, 0x00000000f9880000, 0x0000000100000000)
  eden space 221696K, 0% used [0x00000000ebe00000,0x00000000ebe00000,0x00000000f9680000)
  from space 1024K, 49% used [0x00000000f9780000,0x00000000f97fef70,0x00000000f9880000)
  to   space 1024K, 0% used [0x00000000f9680000,0x00000000f9680000,0x00000000f9780000)
 ParOldGen       total 110592K, used 63715K [0x00000000c3a00000, 0x00000000ca600000, 0x00000000ebe00000)
  object space 110592K, 57% used [0x00000000c3a00000,0x00000000c7838c38,0x00000000ca600000)
 Metaspace       used 18075K, capacity 18410K, committed 18560K, reserved 1064960K
  class space    used 2054K, capacity 2145K, committed 2176K, reserved 1048576K
}
Event: 13.646 GC heap before
{Heap before GC invocations=276 (full 3):
 PSYoungGen      total 222720K, used 222157K [0x00000000ebe00000, 0x00000000f9880000, 0x0000000100000000)
  eden space 221696K, 99% used [0x00000000ebe00000,0x00000000f9674508,0x00000000f9680000)
  from space 1024K, 49% used [0x00000000f9780000,0x00000000f97fef70,0x00000000f9880000)
  to   space 1024K, 0% used [0x00000000f9680000,0x00000000f9680000,0x00000000f9780000)
 ParOldGen       total 110592K, used 63715K [0x00000000c3a00000, 0x00000000ca600000, 0x00000000ebe00000)
  object space 110592K, 57% used [0x00000000c3a00000,0x00000000c7838c38,0x00000000ca600000)
 Metaspace       used 18075K, capacity 18410K, committed 18560K, reserved 1064960K
  class space    used 2054K, capacity 2145K, committed 2176K, reserved 1048576K
Event: 13.647 GC heap after
Heap after GC invocations=276 (full 3):
 PSYoungGen      total 222720K, used 541K [0x00000000ebe00000, 0x00000000f9880000, 0x0000000100000000)
  eden space 221696K, 0% used [0x00000000ebe00000,0x00000000ebe00000,0x00000000f9680000)
  from space 1024K, 52% used [0x00000000f9680000,0x00000000f9707750,0x00000000f9780000)
  to   space 1024K, 0% used [0x00000000f9780000,0x00000000f9780000,0x00000000f9880000)
 ParOldGen       total 110592K, used 63723K [0x00000000c3a00000, 0x00000000ca600000, 0x00000000ebe00000)
  object space 110592K, 57% used [0x00000000c3a00000,0x00000000c783ac38,0x00000000ca600000)
 Metaspace       used 18075K, capacity 18410K, committed 18560K, reserved 1064960K
  class space    used 2054K, capacity 2145K, committed 2176K, reserved 1048576K
}
Event: 13.719 GC heap before
{Heap before GC invocations=277 (full 3):
 PSYoungGen      total 222720K, used 222027K [0x00000000ebe00000, 0x00000000f9880000, 0x0000000100000000)
  eden space 221696K, 99% used [0x00000000ebe00000,0x00000000f964b558,0x00000000f9680000)
  from space 1024K, 52% used [0x00000000f9680000,0x00000000f9707750,0x00000000f9780000)
  to   space 1024K, 0% used [0x00000000f9780000,0x00000000f9780000,0x00000000f9880000)
 ParOldGen       total 110592K, used 63723K [0x00000000c3a00000, 0x00000000ca600000, 0x00000000ebe00000)
  object space 110592K, 57% used [0x00000000c3a00000,0x00000000c783ac38,0x00000000ca600000)
 Metaspace       used 18075K, capacity 18410K, committed 18560K, reserved 1064960K
  class space    used 2054K, capacity 2145K, committed 2176K, reserved 1048576K
Event: 13.720 GC heap after
Heap after GC invocations=277 (full 3):
 PSYoungGen      total 222720K, used 288K [0x00000000ebe00000, 0x00000000f9880000, 0x0000000100000000)
  eden space 221696K, 0% used [0x00000000ebe00000,0x00000000ebe00000,0x00000000f9680000)
  from space 1024K, 28% used [0x00000000f9780000,0x00000000f97c8010,0x00000000f9880000)
  to   space 1024K, 0% used [0x00000000f9680000,0x00000000f9680000,0x00000000f9780000)
 ParOldGen       total 110592K, used 63723K [0x00000000c3a00000, 0x00000000ca600000, 0x00000000ebe00000)
  object space 110592K, 57% used [0x00000000c3a00000,0x00000000c783ac38,0x00000000ca600000)
 Metaspace       used 18075K, capacity 18410K, committed 18560K, reserved 1064960K
  class space    used 2054K, capacity 2145K, committed 2176K, reserved 1048576K
}
Event: 13.782 GC heap before
{Heap before GC invocations=278 (full 3):
 PSYoungGen      total 222720K, used 221811K [0x00000000ebe00000, 0x00000000f9880000, 0x0000000100000000)
  eden space 221696K, 99% used [0x00000000ebe00000,0x00000000f9654f88,0x00000000f9680000)
  from space 1024K, 28% used [0x00000000f9780000,0x00000000f97c8010,0x00000000f9880000)
  to   space 1024K, 0% used [0x00000000f9680000,0x00000000f9680000,0x00000000f9780000)
 ParOldGen       total 110592K, used 63723K [0x00000000c3a00000, 0x00000000ca600000, 0x00000000ebe00000)
  object space 110592K, 57% used [0x00000000c3a00000,0x00000000c783ac38,0x00000000ca600000)
 Metaspace       used 18075K, capacity 18410K, committed 18560K, reserved 1064960K
  class space    used 2054K, capacity 2145K, committed 2176K, reserved 1048576K
Event: 13.783 GC heap after
Heap after GC invocations=278 (full 3):
 PSYoungGen      total 222720K, used 288K [0x00000000ebe00000, 0x00000000f9880000, 0x0000000100000000)
  eden space 221696K, 0% used [0x00000000ebe00000,0x00000000ebe00000,0x00000000f9680000)
  from space 1024K, 28% used [0x00000000f9680000,0x00000000f96c8310,0x00000000f9780000)
  to   space 1024K, 0% used [0x00000000f9780000,0x00000000f9780000,0x00000000f9880000)
 ParOldGen       total 110592K, used 63731K [0x00000000c3a00000, 0x00000000ca600000, 0x00000000ebe00000)
  object space 110592K, 57% used [0x00000000c3a00000,0x00000000c783cc38,0x00000000ca600000)
 Metaspace       used 18075K, capacity 18410K, committed 18560K, reserved 1064960K
  class space    used 2054K, capacity 2145K, committed 2176K, reserved 1048576K
}

